This is pdfTeX, Version 3.1415926-2.5-1.40.13 (TeX Live 2013/dev) (format=pdflatex 2013.4.12)  2 MAR 2014 16:41
entering extended mode
 restricted \write18 enabled.
 %&-line parsing enabled.
**biblio
(./biblio.tex
LaTeX2e <2011/06/27>
Babel <v3.8m> and hyphenation patterns for english, dumylang, nohyphenation, lo
aded.
(/usr/share/texlive/texmf-dist/tex/latex/revtex4/revtex4.cls
Document Class: revtex4 2001/08/02 v4.0 (http://publish.aps.org/revtex4/ for do
cumentation)
 Copyright (c) 2001 The American Physical Society.
 mailto:revtex@aps.org
 Licensed under the LPPL:
http://www.ctan.org/tex-archive/macros/latex/base/lppl.txt
 Arthur Ogawa <ogawa@teleport.com>
 Based on work by David Carlisle <david@dcarlisle.demon.co.uk>.
ltxutil: portions licensed from W. E. Baxter (web@superscript.com)
Class revtex4 Info: Repairing broken LateX \@sect on input line 596.
\intertabularlinepenalty=\count79
\@tbpen=\count80
\@arstrutbox@hline=\box26
Class revtex4 Info: Repairing broken LaTeX \@xbitor on input line 1610.
ltxgrid: portions licensed from W. E. Baxter (web@superscript.com)
\c@linecount=\count81
\output=\toks14
\@protection@box=\box27
\@topmark@saved=\toks15
\footins@saved=\box28
\pagesofar=\box29
\footbox=\box30
\pagegrid@col=\count82
Class revtex4 Info: Incorporating package {textcase}  [1998/11/12 v0.06 Text on
ly upper/lower case changing (DPC)]. on input line 3682.
(/home/ckarney/tex/url.sty
\Urlmuskip=\muskip10
Package: url 2006/04/12  ver 3.3  Verb mode for urls, etc.
)
\c@affil=\count83
\absbox=\box31
\c@part=\count84
\c@section=\count85
\c@subsection=\count86
\c@subsubsection=\count87
\c@paragraph=\count88
\c@subparagraph=\count89
\abovecaptionskip=\skip41
\belowcaptionskip=\skip42
\c@figure=\count90
\c@table=\count91

(/usr/share/texlive/texmf-dist/tex/latex/natbib/natbib.sty
Package: natbib 2010/09/13 8.31b (PWD, AO)
\bibhang=\skip43
\bibsep=\skip44
LaTeX Info: Redefining \cite on input line 694.
\c@NAT@ctr=\count92
)
\widetext@top=\box32
\widetext@bot=\box33

(/usr/share/texlive/texmf-dist/tex/latex/revtex4/revsymb.sty
Package: revsymb 2001/08/02 v4.0 (http://publish.aps.org/revtex4/ for documenta
tion)
LaTeX Info: Redefining \REV@mathfrak on input line 118.
))
(/usr/share/texlive/texmf-dist/tex/latex/revtex4/aps.rtx
File: aps.rtx 2001/08/02 v4.0 (http://publish.aps.org/revtex4/ for documentatio
n)
)
(/home/ckarney/tex/11pt.rtx
File: 11pt.rtx 2001/08/03 v4.0 (http://publish.aps.org/revtex4/ for documentati
on)
)
(/usr/share/texlive/texmf-dist/tex/latex/psnfss/palatino.sty
Package: palatino 2005/04/12 PSNFSS-v9.2a (SPQR) 
)
(/usr/share/texlive/texmf-dist/tex/latex/graphics/graphicx.sty
Package: graphicx 1999/02/16 v1.0f Enhanced LaTeX Graphics (DPC,SPQR)

(/usr/share/texlive/texmf-dist/tex/latex/graphics/keyval.sty
Package: keyval 1999/03/16 v1.13 key=value parser (DPC)
\KV@toks@=\toks16
)
(/usr/share/texlive/texmf-dist/tex/latex/graphics/graphics.sty
Package: graphics 2009/02/05 v1.0o Standard LaTeX Graphics (DPC,SPQR)

(/usr/share/texlive/texmf-dist/tex/latex/graphics/trig.sty
Package: trig 1999/03/16 v1.09 sin cos tan (DPC)
)
(/usr/share/texlive/texmf-dist/tex/latex/latexconfig/graphics.cfg
File: graphics.cfg 2010/04/23 v1.9 graphics configuration of TeX Live
)
Package graphics Info: Driver file: pdftex.def on input line 91.

(/usr/share/texlive/texmf-dist/tex/latex/pdftex-def/pdftex.def
File: pdftex.def 2011/05/27 v0.06d Graphics/color for pdfTeX

(/usr/share/texlive/texmf-dist/tex/generic/oberdiek/infwarerr.sty
Package: infwarerr 2010/04/08 v1.3 Providing info/warning/error messages (HO)
)
(/usr/share/texlive/texmf-dist/tex/generic/oberdiek/ltxcmds.sty
Package: ltxcmds 2011/11/09 v1.22 LaTeX kernel commands for general use (HO)
)
\Gread@gobject=\count93
))
\Gin@req@height=\dimen102
\Gin@req@width=\dimen103
)
(/usr/share/texlive/texmf-dist/tex/latex/base/fontenc.sty
Package: fontenc 2005/09/27 v1.99g Standard LaTeX package

(/usr/share/texlive/texmf-dist/tex/latex/cyrillic/ot2enc.def
File: ot2enc.def 2001/08/11 v3.3a Cyrillic encoding definition file
)
(/usr/share/texlive/texmf-dist/tex/latex/base/ot1enc.def
File: ot1enc.def 2005/09/27 v1.99g Standard LaTeX file
LaTeX Font Info:    Redeclaring font encoding OT1 on input line 43.
))
\entfile=\write3
\entlist=\write4

(/usr/share/texlive/texmf-dist/tex/latex/hyperref/hyperref.sty
Package: hyperref 2012/11/06 v6.83m Hypertext links for LaTeX

(/usr/share/texlive/texmf-dist/tex/generic/oberdiek/hobsub-hyperref.sty
Package: hobsub-hyperref 2012/05/28 v1.13 Bundle oberdiek, subset hyperref (HO)


(/usr/share/texlive/texmf-dist/tex/generic/oberdiek/hobsub-generic.sty
Package: hobsub-generic 2012/05/28 v1.13 Bundle oberdiek, subset generic (HO)
Package: hobsub 2012/05/28 v1.13 Construct package bundles (HO)
Package hobsub Info: Skipping package `infwarerr' (already loaded).
Package hobsub Info: Skipping package `ltxcmds' (already loaded).
Package: ifluatex 2010/03/01 v1.3 Provides the ifluatex switch (HO)
Package ifluatex Info: LuaTeX not detected.
Package: ifvtex 2010/03/01 v1.5 Detect VTeX and its facilities (HO)
Package ifvtex Info: VTeX not detected.
Package: intcalc 2007/09/27 v1.1 Expandable calculations with integers (HO)
Package: ifpdf 2011/01/30 v2.3 Provides the ifpdf switch (HO)
Package ifpdf Info: pdfTeX in PDF mode is detected.
Package: etexcmds 2011/02/16 v1.5 Avoid name clashes with e-TeX commands (HO)
Package etexcmds Info: Could not find \expanded.
(etexcmds)             That can mean that you are not using pdfTeX 1.50 or
(etexcmds)             that some package has redefined \expanded.
(etexcmds)             In the latter case, load this package earlier.
Package: kvsetkeys 2012/04/25 v1.16 Key value parser (HO)
Package: kvdefinekeys 2011/04/07 v1.3 Define keys (HO)
Package: pdftexcmds 2011/11/29 v0.20 Utility functions of pdfTeX for LuaTeX (HO
)
Package pdftexcmds Info: LuaTeX not detected.
Package pdftexcmds Info: \pdf@primitive is available.
Package pdftexcmds Info: \pdf@ifprimitive is available.
Package pdftexcmds Info: \pdfdraftmode found.
Package: pdfescape 2011/11/25 v1.13 Implements pdfTeX's escape features (HO)
Package: bigintcalc 2012/04/08 v1.3 Expandable calculations on big integers (HO
)
Package: bitset 2011/01/30 v1.1 Handle bit-vector datatype (HO)
Package: uniquecounter 2011/01/30 v1.2 Provide unlimited unique counter (HO)
)
Package hobsub Info: Skipping package `hobsub' (already loaded).
Package: letltxmacro 2010/09/02 v1.4 Let assignment for LaTeX macros (HO)
Package: hopatch 2012/05/28 v1.2 Wrapper for package hooks (HO)
Package: xcolor-patch 2011/01/30 xcolor patch
Package: atveryend 2011/06/30 v1.8 Hooks at the very end of document (HO)
Package: atbegshi 2011/10/05 v1.16 At begin shipout hook (HO)
Package: refcount 2011/10/16 v3.4 Data extraction from label references (HO)
Package: hycolor 2011/01/30 v1.7 Color options for hyperref/bookmark (HO)
)
(/usr/share/texlive/texmf-dist/tex/generic/ifxetex/ifxetex.sty
Package: ifxetex 2010/09/12 v0.6 Provides ifxetex conditional
)
(/usr/share/texlive/texmf-dist/tex/latex/oberdiek/auxhook.sty
Package: auxhook 2011/03/04 v1.3 Hooks for auxiliary files (HO)
)
(/usr/share/texlive/texmf-dist/tex/latex/oberdiek/kvoptions.sty
Package: kvoptions 2011/06/30 v3.11 Key value format for package options (HO)
)
\@linkdim=\dimen104
\Hy@linkcounter=\count94
\Hy@pagecounter=\count95

(/usr/share/texlive/texmf-dist/tex/latex/hyperref/pd1enc.def
File: pd1enc.def 2012/11/06 v6.83m Hyperref: PDFDocEncoding definition (HO)
)
\Hy@SavedSpaceFactor=\count96

(/usr/share/texlive/texmf-dist/tex/latex/latexconfig/hyperref.cfg
File: hyperref.cfg 2002/06/06 v1.2 hyperref configuration of TeXLive
)
Package hyperref Info: Option `bookmarks' set `false' on input line 4319.
Package hyperref Info: Hyper figures OFF on input line 4443.
Package hyperref Info: Link nesting OFF on input line 4448.
Package hyperref Info: Hyper index ON on input line 4451.
Package hyperref Info: Plain pages OFF on input line 4458.
Package hyperref Info: Backreferencing OFF on input line 4463.
Package hyperref Info: Implicit mode ON; LaTeX internals redefined.
Package hyperref Info: Bookmarks OFF on input line 4694.
\c@Hy@tempcnt=\count97
LaTeX Info: Redefining \url on input line 5041.
\XeTeXLinkMargin=\dimen105
\Fld@menulength=\count98
\Field@Width=\dimen106
\Fld@charsize=\dimen107
Package hyperref Info: Hyper figures OFF on input line 6295.
Package hyperref Info: Link nesting OFF on input line 6300.
Package hyperref Info: Hyper index ON on input line 6303.
Package hyperref Info: backreferencing OFF on input line 6310.
Package hyperref Info: Link coloring OFF on input line 6315.
Package hyperref Info: Link coloring with OCG OFF on input line 6320.
Package hyperref Info: PDF/A mode OFF on input line 6325.
LaTeX Info: Redefining \ref on input line 6365.
LaTeX Info: Redefining \pageref on input line 6369.
\Hy@abspage=\count99
\c@Item=\count100
\c@Hfootnote=\count101
)

Package hyperref Message: Driver (autodetected): hpdftex.

(/usr/share/texlive/texmf-dist/tex/latex/hyperref/hpdftex.def
File: hpdftex.def 2012/11/06 v6.83m Hyperref driver for pdfTeX
\Fld@listcount=\count102
\c@bookmark@seq@number=\count103

(/usr/share/texlive/texmf-dist/tex/latex/oberdiek/rerunfilecheck.sty
Package: rerunfilecheck 2011/04/15 v1.7 Rerun checks for auxiliary files (HO)
Package uniquecounter Info: New unique counter `rerunfilecheck' on input line 2
82.
)
\Hy@SectionHShift=\skip45
)
(/usr/share/texlive/texmf-local/texmf-compat/tex/latex/html/html.sty
Package: html 1999/07/19 v1.38 hypertext commands for latex2html (nd, hws, rrm)

\c@lpart=\count104
\c@lchapter=\count105
\c@chapter=\count106
\c@lsection=\count107
\c@lsubsection=\count108
\c@lsubsubsection=\count109
\c@lparagraph=\count110
\c@lsubparagraph=\count111
\c@lsubsubparagraph=\count112
\ptrfile=\write5
)
(./biblio.aux)
\openout1 = `biblio.aux'.

LaTeX Font Info:    Checking defaults for OML/cmm/m/it on input line 158.
LaTeX Font Info:    ... okay on input line 158.
LaTeX Font Info:    Checking defaults for T1/cmr/m/n on input line 158.
LaTeX Font Info:    ... okay on input line 158.
LaTeX Font Info:    Checking defaults for OT1/cmr/m/n on input line 158.
LaTeX Font Info:    ... okay on input line 158.
LaTeX Font Info:    Checking defaults for OMS/cmsy/m/n on input line 158.
LaTeX Font Info:    ... okay on input line 158.
LaTeX Font Info:    Checking defaults for OMX/cmex/m/n on input line 158.
LaTeX Font Info:    ... okay on input line 158.
LaTeX Font Info:    Checking defaults for U/cmr/m/n on input line 158.
LaTeX Font Info:    ... okay on input line 158.
LaTeX Font Info:    Checking defaults for OT2/cmr/m/n on input line 158.
LaTeX Font Info:    Try loading font information for OT2+cmr on input line 158.

 (/usr/share/texlive/texmf-dist/tex/latex/cyrillic/ot2cmr.fd
File: ot2cmr.fd 2001/08/11 v3.2c Computer Modern Cyrillic font definitions
)
LaTeX Font Info:    ... okay on input line 158.
LaTeX Font Info:    Checking defaults for PD1/pdf/m/n on input line 158.
LaTeX Font Info:    ... okay on input line 158.
LaTeX Font Info:    Try loading font information for OT1+ppl on input line 158.


(/usr/share/texlive/texmf-dist/tex/latex/psnfss/ot1ppl.fd
File: ot1ppl.fd 2001/06/04 font definitions for OT1/ppl.
)
Class revtex4 Info: Patching LaTeX tabular. on input line 158.
Class revtex4 Info: cite was not loaded (OK!) on input line 158.
Class revtex4 Info: multicol was not loaded (OK!) on input line 158.

(/usr/share/texlive/texmf-dist/tex/context/base/supp-pdf.mkii
[Loading MPS to PDF converter (version 2006.09.02).]
\scratchcounter=\count113
\scratchdimen=\dimen108
\scratchbox=\box34
\nofMPsegments=\count114
\nofMParguments=\count115
\everyMPshowfont=\toks17
\MPscratchCnt=\count116
\MPscratchDim=\dimen109
\MPnumerator=\count117
\makeMPintoPDFobject=\count118
\everyMPtoPDFconversion=\toks18
) (/usr/share/texlive/texmf-dist/tex/latex/oberdiek/epstopdf-base.sty
Package: epstopdf-base 2010/02/09 v2.5 Base part for package epstopdf

(/usr/share/texlive/texmf-dist/tex/latex/oberdiek/grfext.sty
Package: grfext 2010/08/19 v1.1 Manage graphics extensions (HO)
)
Package grfext Info: Graphics extension search list:
(grfext)             [.png,.pdf,.jpg,.mps,.jpeg,.jbig2,.jb2,.PNG,.PDF,.JPG,.JPE
G,.JBIG2,.JB2,.eps]
(grfext)             \AppendGraphicsExtensions on input line 452.

(/usr/share/texlive/texmf-dist/tex/latex/latexconfig/epstopdf-sys.cfg
File: epstopdf-sys.cfg 2010/07/13 v1.3 Configuration of (r)epstopdf for TeX Liv
e
))
\AtBeginShipoutBox=\box35
Package hyperref Info: Link coloring OFF on input line 158.

(/usr/share/texlive/texmf-dist/tex/latex/hyperref/nameref.sty
Package: nameref 2012/10/27 v2.43 Cross-referencing by name of section

(/usr/share/texlive/texmf-dist/tex/generic/oberdiek/gettitlestring.sty
Package: gettitlestring 2010/12/03 v1.4 Cleanup title references (HO)
)
\c@section@level=\count119
)
LaTeX Info: Redefining \ref on input line 158.
LaTeX Info: Redefining \pageref on input line 158.
LaTeX Info: Redefining \nameref on input line 158.


Class revtex4 Warning: Assuming \noaffiliation for \relax \fontsize {14.4}{18}\
selectfont Charles Fielding Finch Karney\\ \relax \fontsize {12}{14}\selectfont
 SRI International, Princeton, NJ 08543-5300.

LaTeX Font Info:    Font shape `OT1/ppl/bx/n' in size <12> not available
(Font)              Font shape `OT1/ppl/b/n' tried instead on input line 170.
LaTeX Font Info:    Font shape `OT1/ppl/bx/n' in size <14.4> not available
(Font)              Font shape `OT1/ppl/b/n' tried instead on input line 170.
(./biblio.bbl
\openout3 = `temp/billinghurst71.abs'.

\openout3 = `temp/billinghurst71.title'.

\openout3 = `temp/billinghurst71.reprint'.

\openout3 = `temp/billinghurst71.doi'.

\openout3 = `temp/billinghurst71.authors'.

\openout3 = `temp/karney74.abs'.

\openout3 = `temp/karney74.title'.

\openout3 = `temp/karney74.reprint'.

\openout3 = `temp/karney74.doi'.

\openout3 = `temp/karney74.authors'.

\openout3 = `temp/karney76.abs'.

\openout3 = `temp/karney76.title'.

\openout3 = `temp/karney76.reprint'.

\openout3 = `temp/karney76.doi'.

\openout3 = `temp/karney76.authors'.

\openout3 = `temp/bers76.abs'.

\openout3 = `temp/bers76.title'.

\openout3 = `temp/bers76.reprint'.

\openout3 = `temp/bers76.doi'.

\openout3 = `temp/bers76.authors'.

\openout3 = `temp/karney77a.abs'.

\openout3 = `temp/karney77a.title'.

\openout3 = `temp/karney77a.reprint'.

\openout3 = `temp/karney77a.doi'.

\openout3 = `temp/karney77a.authors'.

\openout3 = `temp/karney77b.abs'.

\openout3 = `temp/karney77b.title'.

\openout3 = `temp/karney77b.reprint'.

\openout3 = `temp/karney77b.doi'.

\openout3 = `temp/karney77b.authors'.

\openout3 = `temp/karney77c.abs'.

\openout3 = `temp/karney77c.title'.

\openout3 = `temp/karney77c.reprint'.

\openout3 = `temp/karney77c.doi'.

\openout3 = `temp/karney77c.authors'.

\openout3 = `temp/chu77.abs'.

\openout3 = `temp/chu77.title'.

\openout3 = `temp/chu77.reprint'.

\openout3 = `temp/chu77.doi'.

\openout3 = `temp/chu77.authors'.

\openout3 = `temp/karney78a.abs'.

\openout3 = `temp/karney78a.title'.

\openout3 = `temp/karney78a.reprint'.

\openout3 = `temp/karney78a.doi'.

\openout3 = `temp/karney78a.authors'.

LaTeX Font Info:    External font `cmex10' loaded for size
(Font)              <7> on input line 216.
LaTeX Font Info:    External font `cmex10' loaded for size
(Font)              <5> on input line 216.
\openout3 = `temp/sen78a.abs'.

\openout3 = `temp/sen78a.title'.

\openout3 = `temp/sen78a.reprint'.

\openout3 = `temp/sen78a.doi'.

\openout3 = `temp/sen78a.authors'.

\openout3 = `temp/sen78b.abs'.

\openout3 = `temp/sen78b.title'.

\openout3 = `temp/sen78b.reprint'.

\openout3 = `temp/sen78b.doi'.

\openout3 = `temp/sen78b.authors'.

 [1
\openout4 = `temp/ent.list'.

{/usr/share/texlive/texmf/fonts/map/pdftex/updmap/pdftex.map}]
\openout3 = `temp/sen78c.abs'.

\openout3 = `temp/sen78c.title'.

\openout3 = `temp/sen78c.reprint'.

\openout3 = `temp/sen78c.doi'.

\openout3 = `temp/sen78c.authors'.

\openout3 = `temp/karney78b.abs'.

\openout3 = `temp/karney78b.title'.

\openout3 = `temp/karney78b.reprint'.

\openout3 = `temp/karney78b.doi'.

\openout3 = `temp/karney78b.authors'.

\openout3 = `temp/karney78c.abs'.

\openout3 = `temp/karney78c.title'.

\openout3 = `temp/karney78c.reprint'.

\openout3 = `temp/karney78c.doi'.

\openout3 = `temp/karney78c.authors'.

\openout3 = `temp/karney79a.abs'.

\openout3 = `temp/karney79a.title'.

\openout3 = `temp/karney79a.reprint'.

\openout3 = `temp/karney79a.doi'.

\openout3 = `temp/karney79a.authors'.

\openout3 = `temp/karney79b.abs'.

\openout3 = `temp/karney79b.title'.

\openout3 = `temp/karney79b.reprint'.

\openout3 = `temp/karney79b.doi'.

\openout3 = `temp/karney79b.authors'.

LaTeX Font Info:    Try loading font information for OT1+pcr on input line 367.


(/usr/share/texlive/texmf-dist/tex/latex/psnfss/ot1pcr.fd
File: ot1pcr.fd 2001/06/04 font definitions for OT1/pcr.
)
\openout3 = `temp/karney79c.abs'.

\openout3 = `temp/karney79c.title'.

\openout3 = `temp/karney79c.reprint'.

\openout3 = `temp/karney79c.doi'.

\openout3 = `temp/karney79c.authors'.

\openout3 = `temp/leclert79.abs'.

\openout3 = `temp/leclert79.title'.

\openout3 = `temp/leclert79.reprint'.

\openout3 = `temp/leclert79.doi'.

\openout3 = `temp/leclert79.authors'.

\openout3 = `temp/karney79d.abs'.

\openout3 = `temp/karney79d.title'.

\openout3 = `temp/karney79d.reprint'.

\openout3 = `temp/karney79d.doi'.

\openout3 = `temp/karney79d.authors'.

\openout3 = `temp/karney79e.abs'.

\openout3 = `temp/karney79e.title'.

\openout3 = `temp/karney79e.reprint'.

\openout3 = `temp/karney79e.doi'.

\openout3 = `temp/karney79e.authors'.

\openout3 = `temp/porkolab81.abs'.

\openout3 = `temp/porkolab81.title'.

\openout3 = `temp/porkolab81.reprint'.

\openout3 = `temp/porkolab81.doi'.

\openout3 = `temp/porkolab81.authors'.

\openout3 = `temp/karney81a.abs'.

\openout3 = `temp/karney81a.title'.

\openout3 = `temp/karney81a.reprint'.

\openout3 = `temp/karney81a.doi'.

\openout3 = `temp/karney81a.authors'.

\openout3 = `temp/fisch81.abs'.

\openout3 = `temp/fisch81.title'.

\openout3 = `temp/fisch81.reprint'.

\openout3 = `temp/fisch81.doi'.

\openout3 = `temp/fisch81.authors'.

\openout3 = `temp/karney81b.abs'.

\openout3 = `temp/karney81b.title'.

\openout3 = `temp/karney81b.reprint'.

\openout3 = `temp/karney81b.doi'.

\openout3 = `temp/karney81b.authors'.

\openout3 = `temp/kritz81.abs'.

\openout3 = `temp/kritz81.title'.

\openout3 = `temp/kritz81.reprint'.

\openout3 = `temp/kritz81.doi'.

\openout3 = `temp/kritz81.authors'.

 [2]
\openout3 = `temp/karney81c.abs'.

\openout3 = `temp/karney81c.title'.

\openout3 = `temp/karney81c.reprint'.

\openout3 = `temp/karney81c.doi'.

\openout3 = `temp/karney81c.authors'.

\openout3 = `temp/karney81d.abs'.

\openout3 = `temp/karney81d.title'.

\openout3 = `temp/karney81d.reprint'.

\openout3 = `temp/karney81d.doi'.

\openout3 = `temp/karney81d.authors'.

\openout3 = `temp/karney82.abs'.

\openout3 = `temp/karney82.title'.

\openout3 = `temp/karney82.reprint'.

\openout3 = `temp/karney82.doi'.

\openout3 = `temp/karney82.authors'.

\openout3 = `temp/hosea82.abs'.

\openout3 = `temp/hosea82.title'.

\openout3 = `temp/hosea82.reprint'.

\openout3 = `temp/hosea82.doi'.

\openout3 = `temp/hosea82.authors'.

\openout3 = `temp/rechester83.abs'.

\openout3 = `temp/rechester83.title'.

\openout3 = `temp/rechester83.reprint'.

\openout3 = `temp/rechester83.doi'.

\openout3 = `temp/rechester83.authors'.

\openout3 = `temp/baker83.abs'.

\openout3 = `temp/baker83.title'.

\openout3 = `temp/baker83.reprint'.

\openout3 = `temp/baker83.doi'.

\openout3 = `temp/baker83.authors'.

\openout3 = `temp/white83.abs'.

\openout3 = `temp/white83.title'.

\openout3 = `temp/white83.reprint'.

\openout3 = `temp/white83.doi'.

\openout3 = `temp/white83.authors'.

\openout3 = `temp/karney83a.abs'.

\openout3 = `temp/karney83a.title'.

\openout3 = `temp/karney83a.reprint'.

\openout3 = `temp/karney83a.doi'.

\openout3 = `temp/karney83a.authors'.

\openout3 = `temp/ichikawa83.abs'.

\openout3 = `temp/ichikawa83.title'.

\openout3 = `temp/ichikawa83.reprint'.

\openout3 = `temp/ichikawa83.doi'.

\openout3 = `temp/ichikawa83.authors'.

\openout3 = `temp/karney83b.abs'.

\openout3 = `temp/karney83b.title'.

\openout3 = `temp/karney83b.reprint'.

\openout3 = `temp/karney83b.doi'.

\openout3 = `temp/karney83b.authors'.

\openout3 = `temp/vongoeler83.abs'.

\openout3 = `temp/vongoeler83.title'.

\openout3 = `temp/vongoeler83.reprint'.

\openout3 = `temp/vongoeler83.doi'.

\openout3 = `temp/vongoeler83.authors'.

\openout3 = `temp/hwang83.abs'.

\openout3 = `temp/hwang83.title'.

\openout3 = `temp/hwang83.reprint'.

\openout3 = `temp/hwang83.doi'.

\openout3 = `temp/hwang83.authors'.

 [3]
\openout3 = `temp/chirikov83.abs'.

\openout3 = `temp/chirikov83.title'.

\openout3 = `temp/chirikov83.reprint'.

\openout3 = `temp/chirikov83.doi'.

\openout3 = `temp/chirikov83.authors'.

LaTeX Font Info:    Try loading font information for OT2+wncyr on input line 83
5.

(/usr/share/texlive/texmf-dist/tex/latex/cyrillic/ot2wncyr.fd
File: ot2wncyr.fd 1999/12/17 v3.2a Computer Modern Cyrillic font definitions
)
\openout3 = `temp/karney83c.abs'.

\openout3 = `temp/karney83c.title'.

\openout3 = `temp/karney83c.reprint'.

\openout3 = `temp/karney83c.doi'.

\openout3 = `temp/karney83c.authors'.

\openout3 = `temp/karney84.abs'.

\openout3 = `temp/karney84.title'.

\openout3 = `temp/karney84.reprint'.

\openout3 = `temp/karney84.doi'.

\openout3 = `temp/karney84.authors'.

\openout3 = `temp/motley85.abs'.

\openout3 = `temp/motley85.title'.

\openout3 = `temp/motley85.reprint'.

\openout3 = `temp/motley85.doi'.

\openout3 = `temp/motley85.authors'.

\openout3 = `temp/karney85a.abs'.

\openout3 = `temp/karney85a.title'.

\openout3 = `temp/karney85a.reprint'.

\openout3 = `temp/karney85a.doi'.

\openout3 = `temp/karney85a.authors'.

\openout3 = `temp/fisch85a.abs'.

\openout3 = `temp/fisch85a.title'.

\openout3 = `temp/fisch85a.reprint'.

\openout3 = `temp/fisch85a.doi'.

\openout3 = `temp/fisch85a.authors'.

\openout3 = `temp/fisch85b.abs'.

\openout3 = `temp/fisch85b.title'.

\openout3 = `temp/fisch85b.reprint'.

\openout3 = `temp/fisch85b.doi'.

\openout3 = `temp/fisch85b.authors'.

\openout3 = `temp/karney85b.abs'.

\openout3 = `temp/karney85b.title'.

\openout3 = `temp/karney85b.reprint'.

\openout3 = `temp/karney85b.doi'.

\openout3 = `temp/karney85b.authors'.

\openout3 = `temp/vongoeler85.abs'.

\openout3 = `temp/vongoeler85.title'.

\openout3 = `temp/vongoeler85.reprint'.

\openout3 = `temp/vongoeler85.doi'.

\openout3 = `temp/vongoeler85.authors'.

\openout3 = `temp/stevens85.abs'.

\openout3 = `temp/stevens85.title'.

\openout3 = `temp/stevens85.reprint'.

\openout3 = `temp/stevens85.doi'.

\openout3 = `temp/stevens85.authors'.

\openout3 = `temp/karney86a.abs'.

\openout3 = `temp/karney86a.title'.

\openout3 = `temp/karney86a.reprint'.

\openout3 = `temp/karney86a.doi'.

\openout3 = `temp/karney86a.authors'.

 [4]
\openout3 = `temp/jobes86.abs'.

\openout3 = `temp/jobes86.title'.

\openout3 = `temp/jobes86.reprint'.

\openout3 = `temp/jobes86.doi'.

\openout3 = `temp/jobes86.authors'.

\openout3 = `temp/karney86b.abs'.

\openout3 = `temp/karney86b.title'.

\openout3 = `temp/karney86b.reprint'.

\openout3 = `temp/karney86b.doi'.

\openout3 = `temp/karney86b.authors'.

\openout3 = `temp/karney86c.abs'.

\openout3 = `temp/karney86c.title'.

\openout3 = `temp/karney86c.reprint'.

\openout3 = `temp/karney86c.doi'.

\openout3 = `temp/karney86c.authors'.

\openout3 = `temp/braams87a.abs'.

\openout3 = `temp/braams87a.title'.

\openout3 = `temp/braams87a.reprint'.

\openout3 = `temp/braams87a.doi'.

\openout3 = `temp/braams87a.authors'.

\openout3 = `temp/braams87b.abs'.

\openout3 = `temp/braams87b.title'.

\openout3 = `temp/braams87b.reprint'.

\openout3 = `temp/braams87b.doi'.

\openout3 = `temp/braams87b.authors'.

\openout3 = `temp/braams87c.abs'.

\openout3 = `temp/braams87c.title'.

\openout3 = `temp/braams87c.reprint'.

\openout3 = `temp/braams87c.doi'.

\openout3 = `temp/braams87c.authors'.

\openout3 = `temp/braams89.abs'.

\openout3 = `temp/braams89.title'.

\openout3 = `temp/braams89.reprint'.

\openout3 = `temp/braams89.doi'.

\openout3 = `temp/braams89.authors'.

\openout3 = `temp/taylor89.abs'.

\openout3 = `temp/taylor89.title'.

\openout3 = `temp/taylor89.reprint'.

\openout3 = `temp/taylor89.doi'.

\openout3 = `temp/taylor89.authors'.

\openout3 = `temp/karney89.abs'.

\openout3 = `temp/karney89.title'.

\openout3 = `temp/karney89.reprint'.

\openout3 = `temp/karney89.doi'.

\openout3 = `temp/karney89.authors'.

\openout3 = `temp/stotler90.abs'.

\openout3 = `temp/stotler90.title'.

\openout3 = `temp/stotler90.reprint'.

\openout3 = `temp/stotler90.doi'.

\openout3 = `temp/stotler90.authors'.

\openout3 = `temp/braams90.abs'.

\openout3 = `temp/braams90.title'.

\openout3 = `temp/braams90.reprint'.

\openout3 = `temp/braams90.doi'.

\openout3 = `temp/braams90.authors'.

\openout3 = `temp/ehst91.abs'.

\openout3 = `temp/ehst91.title'.

\openout3 = `temp/ehst91.reprint'.

\openout3 = `temp/ehst91.doi'.

\openout3 = `temp/ehst91.authors'.

 [5]
\openout3 = `temp/batchelor91.abs'.

\openout3 = `temp/batchelor91.title'.

\openout3 = `temp/batchelor91.reprint'.

\openout3 = `temp/batchelor91.doi'.

\openout3 = `temp/batchelor91.authors'.

\openout3 = `temp/chiu92.abs'.

\openout3 = `temp/chiu92.title'.

\openout3 = `temp/chiu92.reprint'.

\openout3 = `temp/chiu92.doi'.

\openout3 = `temp/chiu92.authors'.

\openout3 = `temp/stotler92.abs'.

\openout3 = `temp/stotler92.title'.

\openout3 = `temp/stotler92.reprint'.

\openout3 = `temp/stotler92.doi'.

\openout3 = `temp/stotler92.authors'.

\openout3 = `temp/karney92.abs'.

\openout3 = `temp/karney92.title'.

\openout3 = `temp/karney92.reprint'.

\openout3 = `temp/karney92.doi'.

\openout3 = `temp/karney92.authors'.

\openout3 = `temp/chiu94.abs'.

\openout3 = `temp/chiu94.title'.

\openout3 = `temp/chiu94.reprint'.

\openout3 = `temp/chiu94.doi'.

\openout3 = `temp/chiu94.authors'.

\openout3 = `temp/stotler94.abs'.

\openout3 = `temp/stotler94.title'.

\openout3 = `temp/stotler94.reprint'.

\openout3 = `temp/stotler94.doi'.

\openout3 = `temp/stotler94.authors'.

\openout3 = `temp/fisch94.abs'.

\openout3 = `temp/fisch94.title'.

\openout3 = `temp/fisch94.reprint'.

\openout3 = `temp/fisch94.doi'.

\openout3 = `temp/fisch94.authors'.

\openout3 = `temp/chiu95.abs'.

\openout3 = `temp/chiu95.title'.

\openout3 = `temp/chiu95.reprint'.

\openout3 = `temp/chiu95.doi'.

\openout3 = `temp/chiu95.authors'.

\openout3 = `temp/majeski95.abs'.

\openout3 = `temp/majeski95.title'.

\openout3 = `temp/majeski95.reprint'.

\openout3 = `temp/majeski95.doi'.

\openout3 = `temp/majeski95.authors'.

\openout3 = `temp/stotler95.abs'.

\openout3 = `temp/stotler95.title'.

\openout3 = `temp/stotler95.reprint'.

\openout3 = `temp/stotler95.doi'.

\openout3 = `temp/stotler95.authors'.

\openout3 = `temp/stotler97.abs'.

\openout3 = `temp/stotler97.title'.

\openout3 = `temp/stotler97.reprint'.

\openout3 = `temp/stotler97.doi'.

\openout3 = `temp/stotler97.authors'.

 [6]
\openout3 = `temp/karney98a.abs'.

\openout3 = `temp/karney98a.title'.

\openout3 = `temp/karney98a.reprint'.

\openout3 = `temp/karney98a.doi'.

\openout3 = `temp/karney98a.authors'.

\openout3 = `temp/karney98b.abs'.

\openout3 = `temp/karney98b.title'.

\openout3 = `temp/karney98b.reprint'.

\openout3 = `temp/karney98b.doi'.

\openout3 = `temp/karney98b.authors'.

\openout3 = `temp/karney99.abs'.

\openout3 = `temp/karney99.title'.

\openout3 = `temp/karney99.reprint'.

\openout3 = `temp/karney99.doi'.

\openout3 = `temp/karney99.authors'.

\openout3 = `temp/stotler99a.abs'.

\openout3 = `temp/stotler99a.title'.

\openout3 = `temp/stotler99a.reprint'.

\openout3 = `temp/stotler99a.doi'.

\openout3 = `temp/stotler99a.authors'.

\openout3 = `temp/stotler99b.abs'.

\openout3 = `temp/stotler99b.title'.

\openout3 = `temp/stotler99b.reprint'.

\openout3 = `temp/stotler99b.doi'.

\openout3 = `temp/stotler99b.authors'.

\openout3 = `temp/stotler00.abs'.

\openout3 = `temp/stotler00.title'.

\openout3 = `temp/stotler00.reprint'.

\openout3 = `temp/stotler00.doi'.

\openout3 = `temp/stotler00.authors'.

\openout3 = `temp/kanzleiter00.abs'.

\openout3 = `temp/kanzleiter00.title'.

\openout3 = `temp/kanzleiter00.reprint'.

\openout3 = `temp/kanzleiter00.doi'.

\openout3 = `temp/kanzleiter00.authors'.

\openout3 = `temp/takenaga01.abs'.

\openout3 = `temp/takenaga01.title'.

\openout3 = `temp/takenaga01.reprint'.

\openout3 = `temp/takenaga01.doi'.

\openout3 = `temp/takenaga01.authors'.

\openout3 = `temp/stotler01.abs'.

\openout3 = `temp/stotler01.title'.

\openout3 = `temp/stotler01.reprint'.

\openout3 = `temp/stotler01.doi'.

\openout3 = `temp/stotler01.authors'.

\openout3 = `temp/brunner04.abs'.

\openout3 = `temp/brunner04.title'.

\openout3 = `temp/brunner04.reprint'.

\openout3 = `temp/brunner04.doi'.

\openout3 = `temp/brunner04.authors'.

\openout3 = `temp/karney05a.abs'.

\openout3 = `temp/karney05a.title'.

\openout3 = `temp/karney05a.reprint'.

\openout3 = `temp/karney05a.doi'.

\openout3 = `temp/karney05a.authors'.

\openout3 = `temp/karney05b.abs'.

\openout3 = `temp/karney05b.title'.

\openout3 = `temp/karney05b.reprint'.

\openout3 = `temp/karney05b.doi'.

\openout3 = `temp/karney05b.authors'.

\openout3 = `temp/karney05c.abs'.

\openout3 = `temp/karney05c.title'.

\openout3 = `temp/karney05c.reprint'.

\openout3 = `temp/karney05c.doi'.

\openout3 = `temp/karney05c.authors'.

\openout3 = `temp/karney07.abs'.

\openout3 = `temp/karney07.title'.

\openout3 = `temp/karney07.reprint'.

\openout3 = `temp/karney07.doi'.

\openout3 = `temp/karney07.authors'.


[7]
\openout3 = `temp/bessel09.abs'.

\openout3 = `temp/bessel09.title'.

\openout3 = `temp/bessel09.reprint'.

\openout3 = `temp/bessel09.doi'.

\openout3 = `temp/bessel09.authors'.

\openout3 = `temp/karney10.abs'.

\openout3 = `temp/karney10.title'.

\openout3 = `temp/karney10.reprint'.

\openout3 = `temp/karney10.doi'.

\openout3 = `temp/karney10.authors'.

\openout3 = `temp/karney11a.abs'.

\openout3 = `temp/karney11a.title'.

\openout3 = `temp/karney11a.reprint'.

\openout3 = `temp/karney11a.doi'.

\openout3 = `temp/karney11a.authors'.

\openout3 = `temp/deakin11.abs'.

\openout3 = `temp/deakin11.title'.

\openout3 = `temp/deakin11.reprint'.

\openout3 = `temp/deakin11.doi'.

\openout3 = `temp/deakin11.authors'.


Underfull \hbox (badness 1412) in paragraph at lines 1972--1973
[]\OT1/ppl/m/n/10 R. E. Deakin, M. N. Hunter, and C. F. F. Kar-ney.  The Gauss-
Krueger pro-jec-
 []


Underfull \hbox (badness 1946) in paragraph at lines 1972--1973
\OT1/ppl/m/n/10 tion.  In A. Ruas, ed-i-tor, \OT1/ppl/m/it/10 Proc. 25th In-ter
-na-tional Car-to-graphic Con-fer-ence\OT1/ppl/m/n/10 , Paris,
 []

\openout3 = `temp/karney11b.abs'.

\openout3 = `temp/karney11b.title'.

\openout3 = `temp/karney11b.reprint'.

\openout3 = `temp/karney11b.doi'.

\openout3 = `temp/karney11b.authors'.

\openout3 = `temp/matei12.abs'.

\openout3 = `temp/matei12.title'.

\openout3 = `temp/matei12.reprint'.

\openout3 = `temp/matei12.doi'.

\openout3 = `temp/matei12.authors'.

\openout3 = `temp/karney13a.abs'.

\openout3 = `temp/karney13a.title'.

\openout3 = `temp/karney13a.reprint'.

\openout3 = `temp/karney13a.doi'.

\openout3 = `temp/karney13a.authors'.

\openout3 = `temp/karney13b.abs'.

\openout3 = `temp/karney13b.title'.

\openout3 = `temp/karney13b.reprint'.

\openout3 = `temp/karney13b.doi'.

\openout3 = `temp/karney13b.authors'.

)
Package atveryend Info: Empty hook `BeforeClearDocument' on input line 200.
 [8]
Package atveryend Info: Empty hook `AfterLastShipout' on input line 200.
 (./biblio.aux)
Package atveryend Info: Executing hook `AtVeryEndDocument' on input line 200.
Package atveryend Info: Empty hook `AtEndAfterFileList' on input line 200.
 ) 
Here is how much of TeX's memory you used:
 7713 strings out of 495063
 108668 string characters out of 3182194
 203214 words of memory out of 3000000
 10638 multiletter control sequences out of 15000+200000
 12272 words of font info for 32 fonts, out of 3000000 for 9000
 14 hyphenation exceptions out of 8191
 29i,4n,36p,237b,623s stack positions out of 5000i,500n,10000p,200000b,50000s
{/usr/share/texlive/texmf-dist/fonts/enc/dvips/base/8r.enc}</usr/share/texliv
e/texmf-dist/fonts/type1/public/amsfonts/cm/cmmi10.pfb></usr/share/texlive/texm
f-dist/fonts/type1/public/amsfonts/cm/cmmi7.pfb></usr/share/texlive/texmf-dist/
fonts/type1/public/amsfonts/cm/cmr10.pfb></usr/share/texlive/texmf-dist/fonts/t
ype1/urw/courier/ucrr8a.pfb></usr/share/texlive/texmf-dist/fonts/type1/urw/pala
tino/uplb8a.pfb></usr/share/texlive/texmf-dist/fonts/type1/urw/palatino/uplr8a.
pfb></usr/share/texlive/texmf-dist/fonts/type1/urw/palatino/uplri8a.pfb></usr/s
hare/texlive/texmf-dist/fonts/type1/public/amsfonts/cyrillic/wncyr10.pfb>
Output written on biblio.pdf (8 pages, 152922 bytes).
PDF statistics:
 550 PDF objects out of 1000 (max. 8388607)
 525 compressed objects within 6 object streams
 103 named destinations out of 1000 (max. 500000)
 1 words of extra memory for PDF output out of 10000 (max. 10000000)

